<?xml version="1.0" encoding="UTF-8"?>
<testsuites name="jest tests" tests="65" failures="64" time="2.241">
  <testsuite name="undefined" errors="0" failures="1" skipped="0" timestamp="2020-02-07T17:20:01" time="0.02" tests="1">
    <testcase classname=" ESLint" name=" ESLint" time="0.02">
      <failure>
/home/sebastian/dev/core-js-library/packages/Build/Base/merge.d.ts
  1:1  error  Parsing error: The keyword &apos;import&apos; is reserved

✖ 1 problem (1 error, 0 warnings)
</failure>
    </testcase>
  </testsuite>
  <testsuite name="undefined" errors="0" failures="1" skipped="0" timestamp="2020-02-07T17:20:01" time="0.019" tests="1">
    <testcase classname=" ESLint" name=" ESLint" time="0.019">
      <failure>
/home/sebastian/dev/core-js-library/packages/Build/Base/src/merge.ts
  1:1  error  Parsing error: The keyword &apos;import&apos; is reserved

✖ 1 problem (1 error, 0 warnings)
</failure>
    </testcase>
  </testsuite>
  <testsuite name="undefined" errors="0" failures="1" skipped="0" timestamp="2020-02-07T17:20:01" time="0.019" tests="1">
    <testcase classname=" ESLint" name=" ESLint" time="0.019">
      <failure>
/home/sebastian/dev/core-js-library/packages/Build/Base/src/applyConfig.ts
  1:1  error  Parsing error: The keyword &apos;import&apos; is reserved

✖ 1 problem (1 error, 0 warnings)
</failure>
    </testcase>
  </testsuite>
  <testsuite name="undefined" errors="0" failures="1" skipped="0" timestamp="2020-02-07T17:20:01" time="0.002" tests="1">
    <testcase classname=" ESLint" name=" ESLint" time="0.002">
      <failure>
/home/sebastian/dev/core-js-library/packages/Build/Base/configure.d.ts
  1:9  error  Parsing error: Unexpected token type

✖ 1 problem (1 error, 0 warnings)
</failure>
    </testcase>
  </testsuite>
  <testsuite name="undefined" errors="0" failures="1" skipped="0" timestamp="2020-02-07T17:20:01" time="0.002" tests="1">
    <testcase classname=" ESLint" name=" ESLint" time="0.002">
      <failure>
/home/sebastian/dev/core-js-library/packages/Build/Sass/index.d.ts
  1:1  error  Parsing error: The keyword &apos;import&apos; is reserved

✖ 1 problem (1 error, 0 warnings)
</failure>
    </testcase>
  </testsuite>
  <testsuite name="undefined" errors="0" failures="1" skipped="0" timestamp="2020-02-07T17:20:01" time="0.002" tests="1">
    <testcase classname=" ESLint" name=" ESLint" time="0.002">
      <failure>
/home/sebastian/dev/core-js-library/packages/LoginManager/BaseLoginManager.d.ts
  1:1  error  Parsing error: The keyword &apos;import&apos; is reserved

✖ 1 problem (1 error, 0 warnings)
</failure>
    </testcase>
  </testsuite>
  <testsuite name="undefined" errors="0" failures="1" skipped="0" timestamp="2020-02-07T17:20:01" time="0.001" tests="1">
    <testcase classname=" ESLint" name=" ESLint" time="0.001">
      <failure>
/home/sebastian/dev/core-js-library/packages/LoginManager/src/TokenStorage.ts
  1:1  error  Parsing error: The keyword &apos;export&apos; is reserved

✖ 1 problem (1 error, 0 warnings)
</failure>
    </testcase>
  </testsuite>
  <testsuite name="undefined" errors="0" failures="1" skipped="0" timestamp="2020-02-07T17:20:01" time="0.001" tests="1">
    <testcase classname=" ESLint" name=" ESLint" time="0.001">
      <failure>
/home/sebastian/dev/core-js-library/packages/LoginManager/LocalTokenStorage.d.ts
  1:1  error  Parsing error: The keyword &apos;import&apos; is reserved

✖ 1 problem (1 error, 0 warnings)
</failure>
    </testcase>
  </testsuite>
  <testsuite name="undefined" errors="0" failures="1" skipped="0" timestamp="2020-02-07T17:20:01" time="0.001" tests="1">
    <testcase classname=" ESLint" name=" ESLint" time="0.001">
      <failure>
/home/sebastian/dev/core-js-library/packages/CqrsClient/CQRS.d.ts
  1:1  error  Parsing error: The keyword &apos;import&apos; is reserved

✖ 1 problem (1 error, 0 warnings)
</failure>
    </testcase>
  </testsuite>
  <testsuite name="undefined" errors="0" failures="1" skipped="0" timestamp="2020-02-07T17:20:01" time="0.003" tests="1">
    <testcase classname=" ESLint" name=" ESLint" time="0.003">
      <failure>
/home/sebastian/dev/core-js-library/packages/Build/Typescript/index.d.ts
  1:1  error  Parsing error: The keyword &apos;import&apos; is reserved

✖ 1 problem (1 error, 0 warnings)
</failure>
    </testcase>
  </testsuite>
  <testsuite name="undefined" errors="0" failures="1" skipped="0" timestamp="2020-02-07T17:20:01" time="0.004" tests="1">
    <testcase classname=" ESLint" name=" ESLint" time="0.004">
      <failure>
/home/sebastian/dev/core-js-library/packages/Build/Html/src/index.ts
  1:1  error  Parsing error: The keyword &apos;import&apos; is reserved

✖ 1 problem (1 error, 0 warnings)
</failure>
    </testcase>
  </testsuite>
  <testsuite name="undefined" errors="0" failures="1" skipped="0" timestamp="2020-02-07T17:20:01" time="0.023" tests="1">
    <testcase classname=" ESLint" name=" ESLint" time="0.023">
      <failure>
/home/sebastian/dev/core-js-library/packages/Build/Base/applyConfig.d.ts
  1:1  error  Parsing error: The keyword &apos;import&apos; is reserved

✖ 1 problem (1 error, 0 warnings)
</failure>
    </testcase>
  </testsuite>
  <testsuite name="undefined" errors="0" failures="1" skipped="0" timestamp="2020-02-07T17:20:01" time="0.002" tests="1">
    <testcase classname=" ESLint" name=" ESLint" time="0.002">
      <failure>
/home/sebastian/dev/core-js-library/packages/Build/Css/index.d.ts
  1:1  error  Parsing error: The keyword &apos;import&apos; is reserved

✖ 1 problem (1 error, 0 warnings)
</failure>
    </testcase>
  </testsuite>
  <testsuite name="undefined" errors="0" failures="1" skipped="0" timestamp="2020-02-07T17:20:01" time="0.001" tests="1">
    <testcase classname=" ESLint" name=" ESLint" time="0.001">
      <failure>
/home/sebastian/dev/core-js-library/packages/Build/Stats/src/index.ts
  1:1  error  Parsing error: The keyword &apos;import&apos; is reserved

✖ 1 problem (1 error, 0 warnings)
</failure>
    </testcase>
  </testsuite>
  <testsuite name="undefined" errors="0" failures="1" skipped="0" timestamp="2020-02-07T17:20:01" time="0.002" tests="1">
    <testcase classname=" ESLint" name=" ESLint" time="0.002">
      <failure>
/home/sebastian/dev/core-js-library/packages/LoginManager/src/LocalTokenStorage.ts
  1:1  error  Parsing error: The keyword &apos;import&apos; is reserved

✖ 1 problem (1 error, 0 warnings)
</failure>
    </testcase>
  </testsuite>
  <testsuite name="undefined" errors="0" failures="1" skipped="0" timestamp="2020-02-07T17:20:01" time="0.002" tests="1">
    <testcase classname=" ESLint" name=" ESLint" time="0.002">
      <failure>
/home/sebastian/dev/core-js-library/packages/LoginManager/SyncLoginManager.d.ts
  1:1  error  Parsing error: The keyword &apos;import&apos; is reserved

✖ 1 problem (1 error, 0 warnings)
</failure>
    </testcase>
  </testsuite>
  <testsuite name="undefined" errors="0" failures="1" skipped="0" timestamp="2020-02-07T17:20:01" time="0.002" tests="1">
    <testcase classname=" ESLint" name=" ESLint" time="0.002">
      <failure>
/home/sebastian/dev/core-js-library/packages/LoginManager/src/AsyncLoginManager.ts
  1:1  error  Parsing error: The keyword &apos;import&apos; is reserved

✖ 1 problem (1 error, 0 warnings)
</failure>
    </testcase>
  </testsuite>
  <testsuite name="undefined" errors="0" failures="1" skipped="0" timestamp="2020-02-07T17:20:01" time="0.004" tests="1">
    <testcase classname=" ESLint" name=" ESLint" time="0.004">
      <failure>
/home/sebastian/dev/core-js-library/packages/CqrsClient/src/CQRS.ts
  1:1  error  Parsing error: The keyword &apos;import&apos; is reserved

✖ 1 problem (1 error, 0 warnings)
</failure>
    </testcase>
  </testsuite>
  <testsuite name="undefined" errors="0" failures="1" skipped="0" timestamp="2020-02-07T17:20:01" time="0.006" tests="1">
    <testcase classname=" ESLint" name=" ESLint" time="0.006">
      <failure>
/home/sebastian/dev/core-js-library/packages/CqrsClient/src/ClientType.ts
  1:1  error  Parsing error: The keyword &apos;export&apos; is reserved

✖ 1 problem (1 error, 0 warnings)
</failure>
    </testcase>
  </testsuite>
  <testsuite name="undefined" errors="0" failures="1" skipped="0" timestamp="2020-02-07T17:20:01" time="0.003" tests="1">
    <testcase classname=" ESLint" name=" ESLint" time="0.003">
      <failure>
/home/sebastian/dev/core-js-library/packages/Styled/src/index.ts
  1:1  error  Parsing error: The keyword &apos;import&apos; is reserved

✖ 1 problem (1 error, 0 warnings)
</failure>
    </testcase>
  </testsuite>
  <testsuite name="undefined" errors="0" failures="1" skipped="0" timestamp="2020-02-07T17:20:01" time="0.002" tests="1">
    <testcase classname=" ESLint" name=" ESLint" time="0.002">
      <failure>
/home/sebastian/dev/core-js-library/packages/Build/Base/src/deploy.ts
  1:1  error  Parsing error: The keyword &apos;import&apos; is reserved

✖ 1 problem (1 error, 0 warnings)
</failure>
    </testcase>
  </testsuite>
  <testsuite name="undefined" errors="0" failures="1" skipped="0" timestamp="2020-02-07T17:20:01" time="0.004" tests="1">
    <testcase classname=" ESLint" name=" ESLint" time="0.004">
      <failure>
/home/sebastian/dev/core-js-library/packages/Build/Base/src/entrypoint.ts
  1:1  error  Parsing error: The keyword &apos;import&apos; is reserved

✖ 1 problem (1 error, 0 warnings)
</failure>
    </testcase>
  </testsuite>
  <testsuite name="undefined" errors="0" failures="1" skipped="0" timestamp="2020-02-07T17:20:01" time="0.002" tests="1">
    <testcase classname=" ESLint" name=" ESLint" time="0.002">
      <failure>
/home/sebastian/dev/core-js-library/packages/Build/Base/environment.d.ts
  1:1  error  Parsing error: The keyword &apos;import&apos; is reserved

✖ 1 problem (1 error, 0 warnings)
</failure>
    </testcase>
  </testsuite>
  <testsuite name="undefined" errors="0" failures="1" skipped="0" timestamp="2020-02-07T17:20:01" time="0.006" tests="1">
    <testcase classname=" ESLint" name=" ESLint" time="0.006">
      <failure>
/home/sebastian/dev/core-js-library/packages/Build/Base/src/configure.ts
  1:6  error  Parsing error: Unexpected token WebpackConfiguration

✖ 1 problem (1 error, 0 warnings)
</failure>
    </testcase>
  </testsuite>
  <testsuite name="undefined" errors="0" failures="1" skipped="0" timestamp="2020-02-07T17:20:01" time="0.003" tests="1">
    <testcase classname=" ESLint" name=" ESLint" time="0.003">
      <failure>
/home/sebastian/dev/core-js-library/packages/Build/Base/deploy.d.ts
  1:1  error  Parsing error: The keyword &apos;import&apos; is reserved

✖ 1 problem (1 error, 0 warnings)
</failure>
    </testcase>
  </testsuite>
  <testsuite name="undefined" errors="0" failures="1" skipped="0" timestamp="2020-02-07T17:20:01" time="0.001" tests="1">
    <testcase classname=" ESLint" name=" ESLint" time="0.001">
      <failure>
/home/sebastian/dev/core-js-library/packages/Build/AppConfig/src/index.ts
  1:1  error  Parsing error: The keyword &apos;import&apos; is reserved

✖ 1 problem (1 error, 0 warnings)
</failure>
    </testcase>
  </testsuite>
  <testsuite name="undefined" errors="0" failures="1" skipped="0" timestamp="2020-02-07T17:20:01" time="0.002" tests="1">
    <testcase classname=" ESLint" name=" ESLint" time="0.002">
      <failure>
/home/sebastian/dev/core-js-library/packages/Build/Base/src/optimizations.ts
  1:1  error  Parsing error: The keyword &apos;import&apos; is reserved

✖ 1 problem (1 error, 0 warnings)
</failure>
    </testcase>
  </testsuite>
  <testsuite name="undefined" errors="0" failures="1" skipped="0" timestamp="2020-02-07T17:20:01" time="0.002" tests="1">
    <testcase classname=" ESLint" name=" ESLint" time="0.002">
      <failure>
/home/sebastian/dev/core-js-library/packages/Build/Typescript/src/index.ts
  1:1  error  Parsing error: The keyword &apos;import&apos; is reserved

✖ 1 problem (1 error, 0 warnings)
</failure>
    </testcase>
  </testsuite>
  <testsuite name="undefined" errors="0" failures="1" skipped="0" timestamp="2020-02-07T17:20:01" time="0.002" tests="1">
    <testcase classname=" ESLint" name=" ESLint" time="0.002">
      <failure>
/home/sebastian/dev/core-js-library/packages/Build/StaticFiles/src/index.ts
  1:1  error  Parsing error: The keyword &apos;import&apos; is reserved

✖ 1 problem (1 error, 0 warnings)
</failure>
    </testcase>
  </testsuite>
  <testsuite name="undefined" errors="0" failures="1" skipped="0" timestamp="2020-02-07T17:20:01" time="0.009" tests="1">
    <testcase classname=" ESLint" name=" ESLint" time="0.009">
      <failure>
/home/sebastian/dev/core-js-library/packages/Build/Base/src/index.ts
  1:1  error  Parsing error: The keyword &apos;export&apos; is reserved

✖ 1 problem (1 error, 0 warnings)
</failure>
    </testcase>
  </testsuite>
  <testsuite name="undefined" errors="0" failures="1" skipped="0" timestamp="2020-02-07T17:20:01" time="0.004" tests="1">
    <testcase classname=" ESLint" name=" ESLint" time="0.004">
      <failure>
/home/sebastian/dev/core-js-library/packages/Build/Less/index.d.ts
  1:1  error  Parsing error: The keyword &apos;import&apos; is reserved

✖ 1 problem (1 error, 0 warnings)
</failure>
    </testcase>
  </testsuite>
  <testsuite name="undefined" errors="0" failures="1" skipped="0" timestamp="2020-02-07T17:20:01" time="0.002" tests="1">
    <testcase classname=" ESLint" name=" ESLint" time="0.002">
      <failure>
/home/sebastian/dev/core-js-library/packages/Build/Contracts/src/index.ts
  1:1  error  Parsing error: The keyword &apos;import&apos; is reserved

✖ 1 problem (1 error, 0 warnings)
</failure>
    </testcase>
  </testsuite>
  <testsuite name="undefined" errors="0" failures="1" skipped="0" timestamp="2020-02-07T17:20:01" time="0.002" tests="1">
    <testcase classname=" ESLint" name=" ESLint" time="0.002">
      <failure>
/home/sebastian/dev/core-js-library/packages/Build/DevServer/src/index.ts
  1:1  error  Parsing error: The keyword &apos;import&apos; is reserved

✖ 1 problem (1 error, 0 warnings)
</failure>
    </testcase>
  </testsuite>
  <testsuite name="undefined" errors="0" failures="1" skipped="0" timestamp="2020-02-07T17:20:01" time="0.001" tests="1">
    <testcase classname=" ESLint" name=" ESLint" time="0.001">
      <failure>
/home/sebastian/dev/core-js-library/packages/Build/DevServer/index.d.ts
  1:1  error  Parsing error: The keyword &apos;import&apos; is reserved

✖ 1 problem (1 error, 0 warnings)
</failure>
    </testcase>
  </testsuite>
  <testsuite name="undefined" errors="0" failures="1" skipped="0" timestamp="2020-02-07T17:20:01" time="0.002" tests="1">
    <testcase classname=" ESLint" name=" ESLint" time="0.002">
      <failure>
/home/sebastian/dev/core-js-library/packages/Build/Sass/src/index.ts
  1:1  error  Parsing error: The keyword &apos;import&apos; is reserved

✖ 1 problem (1 error, 0 warnings)
</failure>
    </testcase>
  </testsuite>
  <testsuite name="undefined" errors="0" failures="1" skipped="0" timestamp="2020-02-07T17:20:01" time="0.002" tests="1">
    <testcase classname=" ESLint" name=" ESLint" time="0.002">
      <failure>
/home/sebastian/dev/core-js-library/packages/LoginManager/src/FacebookClient.ts
  1:1  error  Parsing error: The keyword &apos;class&apos; is reserved

✖ 1 problem (1 error, 0 warnings)
</failure>
    </testcase>
  </testsuite>
  <testsuite name="undefined" errors="0" failures="1" skipped="0" timestamp="2020-02-07T17:20:01" time="0.024" tests="1">
    <testcase classname=" ESLint" name=" ESLint" time="0.024">
      <failure>
/home/sebastian/dev/core-js-library/packages/Build/Less/src/index.ts
  1:1  error  Parsing error: The keyword &apos;import&apos; is reserved

✖ 1 problem (1 error, 0 warnings)
</failure>
    </testcase>
  </testsuite>
  <testsuite name="undefined" errors="0" failures="1" skipped="0" timestamp="2020-02-07T17:20:01" time="0.002" tests="1">
    <testcase classname=" ESLint" name=" ESLint" time="0.002">
      <failure>
/home/sebastian/dev/core-js-library/packages/LoginManager/src/SessionTokenStorage.ts
  1:1  error  Parsing error: The keyword &apos;import&apos; is reserved

✖ 1 problem (1 error, 0 warnings)
</failure>
    </testcase>
  </testsuite>
  <testsuite name="undefined" errors="0" failures="1" skipped="0" timestamp="2020-02-07T17:20:01" time="0.002" tests="1">
    <testcase classname=" ESLint" name=" ESLint" time="0.002">
      <failure>
/home/sebastian/dev/core-js-library/packages/LoginManager/src/BaseLoginManager.ts
  1:1  error  Parsing error: The keyword &apos;import&apos; is reserved

✖ 1 problem (1 error, 0 warnings)
</failure>
    </testcase>
  </testsuite>
  <testsuite name="undefined" errors="0" failures="1" skipped="0" timestamp="2020-02-07T17:20:01" time="0.002" tests="1">
    <testcase classname=" ESLint" name=" ESLint" time="0.002">
      <failure>
/home/sebastian/dev/core-js-library/packages/LoginManager/SessionTokenStorage.d.ts
  1:1  error  Parsing error: The keyword &apos;import&apos; is reserved

✖ 1 problem (1 error, 0 warnings)
</failure>
    </testcase>
  </testsuite>
  <testsuite name="undefined" errors="0" failures="1" skipped="0" timestamp="2020-02-07T17:20:01" time="0.001" tests="1">
    <testcase classname=" ESLint" name=" ESLint" time="0.001">
      <failure>
/home/sebastian/dev/core-js-library/packages/Styled/index.d.ts
  1:1  error  Parsing error: The keyword &apos;import&apos; is reserved

✖ 1 problem (1 error, 0 warnings)
</failure>
    </testcase>
  </testsuite>
  <testsuite name="undefined" errors="0" failures="1" skipped="0" timestamp="2020-02-07T17:20:01" time="0.001" tests="1">
    <testcase classname=" ESLint" name=" ESLint" time="0.001">
      <failure>
/home/sebastian/dev/core-js-library/packages/LoginManager/TokenStorage.d.ts
  1:1  error  Parsing error: The keyword &apos;export&apos; is reserved

✖ 1 problem (1 error, 0 warnings)
</failure>
    </testcase>
  </testsuite>
  <testsuite name="undefined" errors="0" failures="1" skipped="0" timestamp="2020-02-07T17:20:01" time="0.001" tests="1">
    <testcase classname=" ESLint" name=" ESLint" time="0.001">
      <failure>
/home/sebastian/dev/core-js-library/packages/CqrsClient/ClientType.d.ts
  1:1  error  Parsing error: The keyword &apos;export&apos; is reserved

✖ 1 problem (1 error, 0 warnings)
</failure>
    </testcase>
  </testsuite>
  <testsuite name="undefined" errors="0" failures="1" skipped="0" timestamp="2020-02-07T17:20:01" time="0.004" tests="1">
    <testcase classname=" ESLint" name=" ESLint" time="0.004">
      <failure>
/home/sebastian/dev/core-js-library/packages/LoginManager/FacebookClient.d.ts
  1:9  error  Parsing error: Unexpected token class

✖ 1 problem (1 error, 0 warnings)
</failure>
    </testcase>
  </testsuite>
  <testsuite name="undefined" errors="0" failures="1" skipped="0" timestamp="2020-02-07T17:20:01" time="0.001" tests="1">
    <testcase classname=" ESLint" name=" ESLint" time="0.001">
      <failure>
/home/sebastian/dev/core-js-library/packages/Build/Base/index.d.ts
  1:1  error  Parsing error: The keyword &apos;export&apos; is reserved

✖ 1 problem (1 error, 0 warnings)
</failure>
    </testcase>
  </testsuite>
  <testsuite name="undefined" errors="0" failures="1" skipped="0" timestamp="2020-02-07T17:20:01" time="0.001" tests="1">
    <testcase classname=" ESLint" name=" ESLint" time="0.001">
      <failure>
/home/sebastian/dev/core-js-library/packages/Build/Base/src/environment.ts
  1:1  error  Parsing error: The keyword &apos;import&apos; is reserved

✖ 1 problem (1 error, 0 warnings)
</failure>
    </testcase>
  </testsuite>
  <testsuite name="undefined" errors="0" failures="1" skipped="0" timestamp="2020-02-07T17:20:01" time="0.001" tests="1">
    <testcase classname=" ESLint" name=" ESLint" time="0.001">
      <failure>
/home/sebastian/dev/core-js-library/packages/Build/Base/optimizations.d.ts
  1:1  error  Parsing error: The keyword &apos;import&apos; is reserved

✖ 1 problem (1 error, 0 warnings)
</failure>
    </testcase>
  </testsuite>
  <testsuite name="undefined" errors="0" failures="1" skipped="0" timestamp="2020-02-07T17:20:01" time="0.001" tests="1">
    <testcase classname=" ESLint" name=" ESLint" time="0.001">
      <failure>
/home/sebastian/dev/core-js-library/packages/Build/Base/entrypoint.d.ts
  1:1  error  Parsing error: The keyword &apos;import&apos; is reserved

✖ 1 problem (1 error, 0 warnings)
</failure>
    </testcase>
  </testsuite>
  <testsuite name="undefined" errors="0" failures="1" skipped="0" timestamp="2020-02-07T17:20:01" time="0.001" tests="1">
    <testcase classname=" ESLint" name=" ESLint" time="0.001">
      <failure>
/home/sebastian/dev/core-js-library/packages/Build/AppConfig/index.d.ts
  1:1  error  Parsing error: The keyword &apos;import&apos; is reserved

✖ 1 problem (1 error, 0 warnings)
</failure>
    </testcase>
  </testsuite>
  <testsuite name="undefined" errors="0" failures="1" skipped="0" timestamp="2020-02-07T17:20:01" time="0.001" tests="1">
    <testcase classname=" ESLint" name=" ESLint" time="0.001">
      <failure>
/home/sebastian/dev/core-js-library/packages/Build/Html/index.d.ts
  1:1  error  Parsing error: The keyword &apos;import&apos; is reserved

✖ 1 problem (1 error, 0 warnings)
</failure>
    </testcase>
  </testsuite>
  <testsuite name="undefined" errors="0" failures="1" skipped="0" timestamp="2020-02-07T17:20:01" time="0.001" tests="1">
    <testcase classname=" ESLint" name=" ESLint" time="0.001">
      <failure>
/home/sebastian/dev/core-js-library/packages/Build/StaticFiles/index.d.ts
  1:1  error  Parsing error: The keyword &apos;import&apos; is reserved

✖ 1 problem (1 error, 0 warnings)
</failure>
    </testcase>
  </testsuite>
  <testsuite name="undefined" errors="0" failures="1" skipped="0" timestamp="2020-02-07T17:20:01" time="0.001" tests="1">
    <testcase classname=" ESLint" name=" ESLint" time="0.001">
      <failure>
/home/sebastian/dev/core-js-library/packages/Build/Contracts/index.d.ts
  1:1  error  Parsing error: The keyword &apos;import&apos; is reserved

✖ 1 problem (1 error, 0 warnings)
</failure>
    </testcase>
  </testsuite>
  <testsuite name="undefined" errors="0" failures="1" skipped="0" timestamp="2020-02-07T17:20:01" time="0.003" tests="1">
    <testcase classname=" ESLint" name=" ESLint" time="0.003">
      <failure>
/home/sebastian/dev/core-js-library/packages/Build/Svg/src/index.ts
  1:1  error  Parsing error: The keyword &apos;import&apos; is reserved

✖ 1 problem (1 error, 0 warnings)
</failure>
    </testcase>
  </testsuite>
  <testsuite name="undefined" errors="0" failures="1" skipped="0" timestamp="2020-02-07T17:20:01" time="0.003" tests="1">
    <testcase classname=" ESLint" name=" ESLint" time="0.003">
      <failure>
/home/sebastian/dev/core-js-library/packages/Build/Svg/index.d.ts
  1:1  error  Parsing error: The keyword &apos;import&apos; is reserved

✖ 1 problem (1 error, 0 warnings)
</failure>
    </testcase>
  </testsuite>
  <testsuite name="undefined" errors="0" failures="1" skipped="0" timestamp="2020-02-07T17:20:01" time="0.002" tests="1">
    <testcase classname=" ESLint" name=" ESLint" time="0.002">
      <failure>
/home/sebastian/dev/core-js-library/packages/Build/Stats/index.d.ts
  1:1  error  Parsing error: The keyword &apos;import&apos; is reserved

✖ 1 problem (1 error, 0 warnings)
</failure>
    </testcase>
  </testsuite>
  <testsuite name="undefined" errors="0" failures="1" skipped="0" timestamp="2020-02-07T17:20:01" time="0.002" tests="1">
    <testcase classname=" ESLint" name=" ESLint" time="0.002">
      <failure>
/home/sebastian/dev/core-js-library/packages/Build/Css/src/index.ts
  1:1  error  Parsing error: The keyword &apos;import&apos; is reserved

✖ 1 problem (1 error, 0 warnings)
</failure>
    </testcase>
  </testsuite>
  <testsuite name="undefined" errors="0" failures="1" skipped="0" timestamp="2020-02-07T17:20:01" time="0.002" tests="1">
    <testcase classname=" ESLint" name=" ESLint" time="0.002">
      <failure>
/home/sebastian/dev/core-js-library/packages/LoginManager/src/Definitions/form-urlencoded.d.ts
  1:9  error  Parsing error: Unexpected token module

✖ 1 problem (1 error, 0 warnings)
</failure>
    </testcase>
  </testsuite>
  <testsuite name="undefined" errors="0" failures="1" skipped="0" timestamp="2020-02-07T17:20:01" time="0.001" tests="1">
    <testcase classname=" ESLint" name=" ESLint" time="0.001">
      <failure>
/home/sebastian/dev/core-js-library/packages/LoginManager/src/CannotRefreshToken.ts
  1:1  error  Parsing error: The keyword &apos;export&apos; is reserved

✖ 1 problem (1 error, 0 warnings)
</failure>
    </testcase>
  </testsuite>
  <testsuite name="undefined" errors="0" failures="1" skipped="0" timestamp="2020-02-07T17:20:01" time="0.001" tests="1">
    <testcase classname=" ESLint" name=" ESLint" time="0.001">
      <failure>
/home/sebastian/dev/core-js-library/packages/LoginManager/src/MemoryTokenStorage.ts
  1:1  error  Parsing error: The keyword &apos;import&apos; is reserved

✖ 1 problem (1 error, 0 warnings)
</failure>
    </testcase>
  </testsuite>
  <testsuite name="undefined" errors="0" failures="1" skipped="0" timestamp="2020-02-07T17:20:01" time="0.001" tests="1">
    <testcase classname=" ESLint" name=" ESLint" time="0.001">
      <failure>
/home/sebastian/dev/core-js-library/packages/LoginManager/src/SyncLoginManager.ts
  1:1  error  Parsing error: The keyword &apos;import&apos; is reserved

✖ 1 problem (1 error, 0 warnings)
</failure>
    </testcase>
  </testsuite>
  <testsuite name="undefined" errors="0" failures="1" skipped="0" timestamp="2020-02-07T17:20:01" time="0.001" tests="1">
    <testcase classname=" ESLint" name=" ESLint" time="0.001">
      <failure>
/home/sebastian/dev/core-js-library/packages/LoginManager/AsyncLoginManager.d.ts
  1:1  error  Parsing error: The keyword &apos;import&apos; is reserved

✖ 1 problem (1 error, 0 warnings)
</failure>
    </testcase>
  </testsuite>
  <testsuite name="undefined" errors="0" failures="1" skipped="0" timestamp="2020-02-07T17:20:01" time="0.001" tests="1">
    <testcase classname=" ESLint" name=" ESLint" time="0.001">
      <failure>
/home/sebastian/dev/core-js-library/packages/LoginManager/CannotRefreshToken.d.ts
  1:1  error  Parsing error: The keyword &apos;export&apos; is reserved

✖ 1 problem (1 error, 0 warnings)
</failure>
    </testcase>
  </testsuite>
  <testsuite name="undefined" errors="0" failures="1" skipped="0" timestamp="2020-02-07T17:20:01" time="0.001" tests="1">
    <testcase classname=" ESLint" name=" ESLint" time="0.001">
      <failure>
/home/sebastian/dev/core-js-library/packages/LoginManager/MemoryTokenStorage.d.ts
  1:1  error  Parsing error: The keyword &apos;import&apos; is reserved

✖ 1 problem (1 error, 0 warnings)
</failure>
    </testcase>
  </testsuite>
  <testsuite name="undefined" errors="0" failures="1" skipped="0" timestamp="2020-02-07T17:20:01" time="0.002" tests="1">
    <testcase classname=" ESLint" name=" ESLint" time="0.002">
      <failure>
/home/sebastian/dev/core-js-library/packages/CqrsClient/__tests__/test.ts
  1:19  error  Parsing error: Unexpected token )

✖ 1 problem (1 error, 0 warnings)
</failure>
    </testcase>
  </testsuite>
  <testsuite name="test" errors="0" failures="0" skipped="0" timestamp="2020-02-07T17:20:02" time="1.529" tests="1">
    <testcase classname="test should add correctly" name="test should add correctly" time="0.002">
    </testcase>
  </testsuite>
</testsuites>